<?xml version="1.0" encoding="UTF-8"?>
<!-- Generated by org.testng.reporters.JUnitReportReporter -->
<testsuite hostname="Swati" failures="0" tests="1" name="cucumber1.TestNgTestRunner" time="10.731" errors="0" timestamp="2024-09-09T15:39:24 IST" skipped="0">
  <testcase classname="cucumber1.TestNgTestRunner" name="runScenario" time="10.731"/>
</testsuite> <!-- cucumber1.TestNgTestRunner -->
