<?xml version="1.0" encoding="UTF-8"?>
<!-- Generated by org.testng.reporters.JUnitReportReporter -->
<testsuite hostname="Swati" failures="0" tests="3" name="rahulshettyacademy.tests.SubmitOrderTest" time="68.384" errors="0" timestamp="2024-09-06T18:19:43 IST" skipped="0">
  <testcase classname="rahulshettyacademy.tests.SubmitOrderTest" name="submitOrder" time="35.946"/>
  <testcase classname="rahulshettyacademy.tests.SubmitOrderTest" name="submitOrder" time="11.623"/>
  <testcase classname="rahulshettyacademy.tests.SubmitOrderTest" name="OrderHistoryTest" time="20.815"/>
</testsuite> <!-- rahulshettyacademy.tests.SubmitOrderTest -->
