<?xml version="1.0" encoding="UTF-8"?>
<!-- Generated by org.testng.reporters.JUnitReportReporter -->
<testsuite hostname="Swati" failures="0" tests="3" name="rahulshettyacademy.tests.SubmitOrderTest" time="117.977" errors="0" timestamp="2024-09-04T17:26:11 IST" skipped="0">
  <testcase classname="rahulshettyacademy.tests.SubmitOrderTest" name="OrderHistoryTest" time="22.672"/>
  <testcase classname="rahulshettyacademy.tests.SubmitOrderTest" name="submitOrder" time="48.961"/>
  <testcase classname="rahulshettyacademy.tests.SubmitOrderTest" name="submitOrder" time="46.344"/>
</testsuite> <!-- rahulshettyacademy.tests.SubmitOrderTest -->
