<?xml version="1.0" encoding="UTF-8"?>
<!-- Generated by org.testng.reporters.JUnitReportReporter -->
<testsuite hostname="Swati" failures="0" tests="2" name="rahulshettyacademy.tests.ErrorValidationsTest" time="102.942" errors="0" timestamp="2024-09-04T17:26:11 IST" skipped="0">
  <testcase classname="rahulshettyacademy.tests.ErrorValidationsTest" name="LoginErrorValidation" time="73.027"/>
  <testcase classname="rahulshettyacademy.tests.ErrorValidationsTest" name="ProductErrorValidation" time="29.915"/>
</testsuite> <!-- rahulshettyacademy.tests.ErrorValidationsTest -->
